{
  "RSpec": {
    "coverage": {
      "/Users/BlitheRocher/projects/dogwalker/config/environment.rb": [
        null,
        1,
        null,
        null,
        1
      ],
      "/Users/BlitheRocher/projects/dogwalker/config/application.rb": [
        1,
        null,
        null,
        1,
        1,
        1,
        1,
        1,
        null,
        null,
        1,
        null,
        1,
        null,
        null,
        null,
        null,
        1,
        1,
        null,
        null,
        null,
        null,
        null,
        null,
        null,
        null,
        null,
        null,
        null,
        null,
        null,
        null,
        null,
        null,
        null,
        null,
        null,
        null,
        null,
        null,
        null,
        1,
        null,
        null,
        1,
        null,
        null,
        1,
        null,
        null,
        null,
        null,
        null,
        null,
        null,
        null,
        null,
        null,
        1,
        null,
        null,
        1,
        null,
        null,
        1,
        null,
        null
      ],
      "/Users/BlitheRocher/projects/dogwalker/config/boot.rb": [
        1,
        null,
        null,
        1,
        null,
        1
      ],
      "/Users/BlitheRocher/projects/dogwalker/config/environments/test.rb": [
        1,
        null,
        null,
        null,
        null,
        null,
        null,
        1,
        null,
        null,
        1,
        1,
        null,
        null,
        1,
        null,
        null,
        1,
        1,
        null,
        null,
        1,
        null,
        null,
        1,
        null,
        null,
        null,
        null,
        1,
        null,
        null,
        1,
        null,
        null,
        1,
        null,
        null,
        1,
        1,
        1,
        null,
        null
      ],
      "/Users/BlitheRocher/projects/dogwalker/config/initializers/backtrace_silencers.rb": [
        null,
        null,
        null,
        null,
        null,
        null,
        null
      ],
      "/Users/BlitheRocher/projects/dogwalker/config/initializers/inflections.rb": [
        null,
        null,
        null,
        null,
        null,
        null,
        null,
        null,
        null,
        null,
        null,
        null,
        null,
        null,
        null
      ],
      "/Users/BlitheRocher/projects/dogwalker/config/initializers/mime_types.rb": [
        null,
        null,
        null,
        null,
        null
      ],
      "/Users/BlitheRocher/projects/dogwalker/config/initializers/secret_token.rb": [
        null,
        null,
        null,
        null,
        null,
        null,
        1
      ],
      "/Users/BlitheRocher/projects/dogwalker/config/initializers/session_store.rb": [
        null,
        null,
        1,
        null,
        null,
        null,
        null,
        null
      ],
      "/Users/BlitheRocher/projects/dogwalker/config/initializers/wrap_parameters.rb": [
        null,
        null,
        null,
        null,
        null,
        null,
        1,
        1,
        null,
        null,
        null,
        1,
        1,
        null
      ],
      "/Users/BlitheRocher/projects/dogwalker/app/controllers/addresses_controller.rb": [
        1,
        1,
        1,
        null,
        1,
        null,
        null,
        1,
        0,
        null,
        null,
        1,
        0,
        0,
        0,
        0,
        null,
        0,
        0,
        null,
        null,
        null,
        1,
        0,
        0,
        null,
        null,
        1,
        null,
        1,
        0,
        0,
        null,
        null
      ],
      "/Users/BlitheRocher/projects/dogwalker/app/controllers/application_controller.rb": [
        1,
        1,
        1,
        null
      ],
      "/Users/BlitheRocher/projects/dogwalker/app/helpers/application_helper.rb": [
        1,
        null,
        1,
        365,
        365,
        36,
        null,
        329,
        null,
        null,
        null
      ],
      "/Users/BlitheRocher/projects/dogwalker/app/helpers/microposts_helper.rb": [
        1,
        null,
        1,
        0,
        null,
        null,
        1,
        null,
        1,
        0,
        0,
        0,
        null,
        null
      ],
      "/Users/BlitheRocher/projects/dogwalker/app/helpers/sessions_helper.rb": [
        1,
        1,
        101,
        101,
        null,
        null,
        1,
        675,
        null,
        null,
        1,
        100,
        17,
        17,
        null,
        null,
        null,
        1,
        103,
        null,
        null,
        1,
        494,
        null,
        null,
        1,
        1936,
        null,
        null,
        1,
        2,
        2,
        null,
        null,
        1,
        92,
        92,
        null,
        null,
        1,
        17,
        null,
        null
      ],
      "/Users/BlitheRocher/projects/dogwalker/app/helpers/static_pages_helper.rb": [
        1,
        null
      ],
      "/Users/BlitheRocher/projects/dogwalker/app/helpers/users_helper.rb": [
        1,
        null,
        null,
        1,
        321,
        321,
        321,
        321,
        null,
        null
      ],
      "/Users/BlitheRocher/projects/dogwalker/app/models/address.rb": [
        1,
        1,
        1,
        null,
        1,
        1,
        1,
        1,
        1,
        null,
        1,
        null
      ],
      "/Users/BlitheRocher/projects/dogwalker/app/controllers/dogs_controller.rb": [
        1,
        1,
        1,
        null,
        1,
        0,
        null,
        null,
        1,
        0,
        0,
        0,
        0,
        null,
        0,
        0,
        null,
        null,
        null,
        1,
        14,
        null,
        null,
        1,
        5,
        null,
        4,
        4,
        null,
        1,
        null,
        null,
        null,
        1,
        0,
        0,
        null,
        null,
        1,
        null,
        1,
        19,
        19,
        null,
        null
      ],
      "/Users/BlitheRocher/projects/dogwalker/app/models/dog.rb": [
        1,
        1,
        1,
        1,
        null,
        1,
        1,
        null
      ],
      "/Users/BlitheRocher/projects/dogwalker/app/controllers/microposts_controller.rb": [
        1,
        1,
        1,
        null,
        1,
        null,
        null,
        1,
        3,
        3,
        1,
        1,
        null,
        2,
        2,
        null,
        null,
        null,
        1,
        1,
        1,
        null,
        null,
        1,
        null,
        1,
        1,
        1,
        null,
        null
      ],
      "/Users/BlitheRocher/projects/dogwalker/app/models/micropost.rb": [
        1,
        1,
        1,
        null,
        1,
        1,
        null,
        1,
        null,
        null,
        1,
        22,
        22,
        null,
        null
      ],
      "/Users/BlitheRocher/projects/dogwalker/app/controllers/relationships_controller.rb": [
        1,
        1,
        null,
        1,
        null,
        1,
        5,
        5,
        5,
        null,
        null,
        1,
        5,
        5,
        5,
        null,
        null
      ],
      "/Users/BlitheRocher/projects/dogwalker/app/models/relationship.rb": [
        1,
        1,
        null,
        1,
        1,
        null,
        1,
        1,
        null
      ],
      "/Users/BlitheRocher/projects/dogwalker/app/controllers/sessions_controller.rb": [
        1,
        1,
        null,
        null,
        1,
        98,
        98,
        null,
        92,
        92,
        null,
        null,
        6,
        6,
        null,
        null,
        null,
        1,
        2,
        2,
        null,
        null
      ],
      "/Users/BlitheRocher/projects/dogwalker/app/controllers/static_pages_controller.rb": [
        1,
        1,
        31,
        16,
        16,
        null,
        null,
        null
      ],
      "/Users/BlitheRocher/projects/dogwalker/app/controllers/users_controller.rb": [
        1,
        1,
        1,
        1,
        null,
        1,
        139,
        139,
        139,
        139,
        null,
        null,
        1,
        10,
        0,
        null,
        10,
        null,
        null,
        1,
        7,
        0,
        null,
        7,
        7,
        null,
        4,
        4,
        4,
        null,
        3,
        null,
        null,
        null,
        1,
        null,
        null,
        1,
        13,
        null,
        null,
        1,
        2,
        2,
        1,
        1,
        null,
        2,
        null,
        null,
        1,
        6,
        null,
        5,
        5,
        5,
        null,
        1,
        null,
        null,
        null,
        1,
        3,
        3,
        3,
        3,
        null,
        null,
        1,
        3,
        3,
        3,
        3,
        null,
        null,
        1,
        null,
        1,
        28,
        28,
        null,
        null,
        1,
        3,
        null,
        null
      ],
      "/Users/BlitheRocher/projects/dogwalker/app/models/user.rb": [
        null,
        null,
        null,
        null,
        null,
        null,
        null,
        null,
        null,
        null,
        null,
        1,
        1,
        1,
        1,
        1,
        1,
        1,
        1,
        1,
        1,
        null,
        249,
        1,
        null,
        1,
        22,
        null,
        null,
        1,
        14,
        null,
        null,
        1,
        30,
        null,
        null,
        1,
        7,
        null,
        null,
        1,
        null,
        1,
        248,
        null,
        null,
        1,
        1,
        1,
        null,
        1,
        1,
        null
      ],
      "/Users/BlitheRocher/projects/dogwalker/app/controllers/walktimes_controller.rb": [
        1,
        1,
        1,
        null,
        1,
        0,
        0,
        0,
        0,
        null,
        0,
        0,
        null,
        null,
        null,
        1,
        0,
        0,
        null,
        null,
        1,
        null,
        1,
        0,
        0,
        0,
        null,
        null
      ],
      "/Users/BlitheRocher/projects/dogwalker/app/models/walktime.rb": [
        1,
        1,
        1,
        null,
        1,
        null,
        null,
        1,
        null,
        null,
        1,
        106,
        null,
        null,
        null,
        106,
        null,
        null,
        null
      ],
      "/Users/BlitheRocher/projects/dogwalker/spec/factories.rb": [
        1,
        1,
        218,
        216,
        1,
        1,
        null,
        null,
        1,
        1,
        null,
        null,
        null,
        1,
        1,
        1,
        null,
        null,
        1,
        6,
        1,
        1,
        1,
        1,
        null,
        null,
        1,
        5,
        1,
        null,
        null,
        1,
        4,
        1,
        null,
        null
      ],
      "/Users/BlitheRocher/projects/dogwalker/config/routes.rb": [
        1,
        1,
        1,
        1,
        null,
        null,
        null,
        1,
        1,
        1,
        1,
        1,
        1,
        null,
        1,
        null,
        1,
        1,
        1,
        null,
        null,
        null,
        null,
        null,
        null,
        null,
        null,
        null,
        null,
        null,
        null,
        null,
        null,
        null,
        null,
        null,
        null,
        null,
        null,
        null,
        null,
        null,
        null,
        null,
        null,
        null,
        null,
        null,
        null,
        null,
        null,
        null,
        null,
        null,
        null,
        null,
        null,
        null,
        null,
        null,
        null,
        null,
        null,
        null,
        null,
        null,
        null,
        null,
        null,
        null,
        null,
        null,
        null,
        null,
        null,
        null,
        null,
        null,
        null,
        null
      ],
      "/Users/BlitheRocher/projects/dogwalker/spec/support/utilities.rb": [
        1,
        null,
        1,
        89,
        89,
        89,
        89,
        null,
        89,
        null,
        null,
        1,
        2,
        2,
        null,
        null,
        null,
        1,
        3,
        3,
        null,
        null
      ],
      "/Users/BlitheRocher/projects/dogwalker/spec/helpers/application_helper_spec.rb": [
        1,
        null,
        1,
        1,
        1,
        1,
        null,
        null,
        1,
        1,
        null,
        null,
        1,
        1,
        null,
        null,
        null
      ],
      "/Users/BlitheRocher/projects/dogwalker/spec/models/address_spec.rb": [
        1,
        null,
        1,
        null,
        15,
        15,
        null,
        14,
        null,
        2,
        2,
        2,
        2,
        2,
        2,
        2,
        null,
        2,
        null,
        1,
        2,
        2,
        null,
        null,
        1,
        2,
        2,
        null,
        null,
        1,
        2,
        2,
        null,
        null,
        1,
        2,
        2,
        null,
        null,
        1,
        2,
        2,
        null,
        null,
        1,
        1,
        1,
        1,
        null,
        null,
        null,
        null
      ],
      "/Users/BlitheRocher/projects/dogwalker/spec/models/dog_spec.rb": [
        1,
        null,
        1,
        12,
        12,
        null,
        10,
        null,
        2,
        2,
        2,
        2,
        2,
        null,
        2,
        null,
        1,
        2,
        2,
        null,
        null,
        1,
        2,
        2,
        null,
        null,
        1,
        2,
        2,
        null,
        null,
        1,
        1,
        1,
        1,
        null,
        null,
        null,
        null,
        1,
        2,
        1,
        1,
        null,
        1,
        1,
        null,
        null,
        1,
        1,
        1,
        1,
        1,
        2,
        null,
        null,
        null,
        null
      ],
      "/Users/BlitheRocher/projects/dogwalker/spec/models/micropost_spec.rb": [
        1,
        null,
        1,
        null,
        10,
        10,
        null,
        9,
        null,
        2,
        2,
        2,
        2,
        null,
        2,
        null,
        1,
        2,
        2,
        null,
        null,
        1,
        1,
        1,
        1,
        null,
        null,
        null,
        null,
        1,
        2,
        2,
        null,
        null,
        1,
        2,
        2,
        null,
        null
      ],
      "/Users/BlitheRocher/projects/dogwalker/spec/models/relationship_spec.rb": [
        1,
        null,
        1,
        9,
        8,
        8,
        null,
        8,
        null,
        2,
        null,
        1,
        1,
        1,
        1,
        null,
        null,
        null,
        null,
        1,
        2,
        2,
        2,
        2,
        null,
        null,
        1,
        2,
        2,
        null,
        null,
        1,
        2,
        2,
        null,
        null
      ],
      "/Users/BlitheRocher/projects/dogwalker/spec/models/user_spec.rb": [
        null,
        null,
        null,
        null,
        null,
        null,
        null,
        null,
        null,
        null,
        null,
        1,
        null,
        1,
        1,
        52,
        null,
        null,
        42,
        null,
        2,
        2,
        null,
        2,
        2,
        null,
        1,
        1,
        1,
        1,
        null,
        null,
        2,
        null,
        null,
        null,
        2,
        2,
        2,
        2,
        2,
        2,
        2,
        2,
        2,
        2,
        2,
        2,
        2,
        2,
        2,
        2,
        null,
        2,
        null,
        1,
        2,
        2,
        null,
        null,
        1,
        2,
        2,
        null,
        null,
        1,
        2,
        2,
        null,
        null,
        1,
        1,
        1,
        1,
        5,
        5,
        null,
        null,
        null,
        null,
        1,
        1,
        1,
        1,
        4,
        4,
        null,
        null,
        null,
        null,
        1,
        1,
        1,
        1,
        1,
        null,
        null,
        2,
        null,
        null,
        1,
        2,
        null,
        1,
        1,
        1,
        1,
        null,
        null,
        null,
        1,
        2,
        2,
        null,
        null,
        1,
        2,
        2,
        null,
        null,
        1,
        2,
        2,
        null,
        null,
        1,
        2,
        2,
        null,
        null,
        1,
        4,
        4,
        null,
        1,
        2,
        null,
        null,
        1,
        3,
        null,
        2,
        2,
        null,
        null,
        null,
        1,
        2,
        2,
        null,
        null,
        1,
        null,
        7,
        null,
        1,
        6,
        null,
        1,
        6,
        null,
        null,
        1,
        1,
        null,
        null,
        1,
        1,
        1,
        1,
        0,
        null,
        null,
        null,
        null,
        null,
        1,
        1,
        1,
        null,
        5,
        null,
        1,
        4,
        16,
        null,
        null,
        2,
        2,
        2,
        1,
        1,
        3,
        null,
        null,
        null,
        null,
        null,
        1,
        2,
        1,
        1,
        null,
        1,
        1,
        null,
        null,
        1,
        1,
        1,
        1,
        1,
        2,
        null,
        null,
        null,
        null,
        1,
        3,
        1,
        2,
        null,
        1,
        2,
        null,
        null,
        1,
        1,
        null,
        null,
        1,
        1,
        1,
        1,
        1,
        2,
        null,
        null,
        null,
        null,
        1,
        7,
        1,
        6,
        6,
        null,
        null,
        2,
        2,
        null,
        1,
        2,
        2,
        null,
        null,
        1,
        3,
        null,
        2,
        2,
        null,
        null,
        1,
        1,
        1,
        1,
        0,
        null,
        null,
        null,
        null,
        null,
        null,
        null,
        null,
        null,
        null,
        null
      ],
      "/Users/BlitheRocher/projects/dogwalker/spec/models/walktime_spec.rb": [
        1,
        null,
        1,
        null,
        10,
        10,
        null,
        10,
        null,
        9,
        null,
        2,
        2,
        2,
        2,
        null,
        2,
        null,
        1,
        2,
        2,
        null,
        null,
        1,
        1,
        1,
        1,
        null,
        null,
        null,
        null,
        1,
        2,
        2,
        null,
        null,
        1,
        2,
        2,
        null,
        null
      ],
      "/Users/BlitheRocher/projects/dogwalker/spec/requests/authentication_pages_spec.rb": [
        1,
        null,
        1,
        19,
        null,
        1,
        14,
        null,
        1,
        3,
        7,
        null,
        2,
        2,
        2,
        null,
        2,
        2,
        null,
        1,
        2,
        2,
        null,
        null,
        null,
        1,
        8,
        8,
        null,
        2,
        2,
        2,
        2,
        2,
        2,
        null,
        1,
        2,
        2,
        null,
        null,
        null,
        null,
        1,
        1,
        1,
        1,
        null,
        null,
        null,
        null,
        1,
        1,
        7,
        null,
        1,
        1,
        2,
        2,
        2,
        2,
        null,
        null,
        1,
        null,
        1,
        1,
        null,
        null,
        null,
        1,
        1,
        1,
        1,
        1,
        1,
        1,
        null,
        null,
        1,
        1,
        null,
        null,
        null,
        null,
        1,
        1,
        2,
        2,
        null,
        null,
        1,
        2,
        2,
        null,
        null,
        1,
        2,
        2,
        null,
        null,
        1,
        2,
        2,
        null,
        null,
        1,
        2,
        2,
        null,
        null,
        null,
        1,
        1,
        2,
        2,
        null,
        null,
        1,
        2,
        2,
        null,
        null,
        null,
        1,
        1,
        2,
        2,
        null,
        null,
        1,
        2,
        2,
        null,
        null,
        null,
        1,
        1,
        2,
        2,
        null,
        null,
        1,
        2,
        2,
        null,
        null,
        null,
        1,
        1,
        2,
        2,
        null,
        null,
        1,
        2,
        2,
        null,
        null,
        null,
        1,
        1,
        2,
        2,
        null,
        null,
        1,
        2,
        2,
        null,
        null,
        null,
        null,
        1,
        3,
        3,
        3,
        null,
        1,
        2,
        2,
        null,
        null,
        1,
        2,
        2,
        null,
        null,
        null,
        1,
        2,
        2,
        null,
        2,
        null,
        1,
        2,
        2,
        null,
        null,
        null,
        null
      ],
      "/Users/BlitheRocher/projects/dogwalker/spec/requests/dog_pages_spec.rb": [
        1,
        null,
        1,
        7,
        null,
        1,
        8,
        8,
        null,
        1,
        7,
        7,
        null,
        8,
        null,
        1,
        2,
        2,
        null,
        null,
        1,
        2,
        1,
        1,
        1,
        null,
        null,
        2,
        null,
        null,
        1,
        5,
        1,
        4,
        4,
        null,
        null,
        2,
        2,
        2,
        2,
        null,
        null,
        null
      ],
      "/Users/BlitheRocher/projects/dogwalker/spec/requests/micropost_pages_spec.rb": [
        1,
        null,
        1,
        2,
        null,
        5,
        5,
        null,
        1,
        4,
        null,
        1,
        null,
        1,
        2,
        null,
        null,
        1,
        2,
        2,
        null,
        null,
        null,
        1,
        null,
        2,
        1,
        2,
        null,
        null,
        null,
        null,
        1,
        2,
        null,
        1,
        2,
        null,
        1,
        2,
        null,
        null,
        null,
        null
      ],
      "/Users/BlitheRocher/projects/dogwalker/spec/requests/static_pages_spec.rb": [
        1,
        null,
        1,
        1,
        9,
        null,
        1,
        2,
        2,
        null,
        null,
        1,
        11,
        2,
        2,
        null,
        1,
        2,
        null,
        1,
        2,
        8,
        1,
        7,
        7,
        7,
        7,
        null,
        null,
        2,
        2,
        null,
        1,
        1,
        2,
        null,
        null,
        null,
        1,
        3,
        1,
        2,
        2,
        null,
        null,
        2,
        2,
        null,
        null,
        1,
        33,
        2,
        2,
        null,
        null,
        1,
        2,
        2,
        null,
        1,
        1,
        2,
        null,
        null,
        null,
        null,
        null,
        null,
        1,
        1,
        null,
        1,
        1,
        1,
        1,
        1,
        null,
        null
      ],
      "/Users/BlitheRocher/projects/dogwalker/spec/requests/user_pages_spec.rb": [
        1,
        null,
        1,
        null,
        45,
        null,
        1,
        10,
        null,
        1,
        9,
        9,
        null,
        null,
        2,
        2,
        null,
        1,
        null,
        32,
        2,
        null,
        2,
        null,
        1,
        1,
        30,
        null,
        null,
        null,
        null,
        1,
        null,
        2,
        null,
        1,
        5,
        1,
        4,
        4,
        null,
        null,
        1,
        1,
        2,
        null,
        null,
        2,
        null,
        1,
        2,
        null,
        null,
        2,
        null,
        null,
        null,
        null,
        null,
        1,
        8,
        null,
        8,
        null,
        1,
        1,
        2,
        null,
        null,
        1,
        3,
        null,
        2,
        2,
        null,
        null,
        null,
        1,
        1,
        4,
        4,
        4,
        4,
        null,
        null,
        1,
        2,
        null,
        null,
        1,
        4,
        2,
        null,
        2,
        2,
        2,
        null,
        null,
        null,
        null,
        1,
        3,
        null,
        2,
        2,
        null,
        null,
        1,
        2,
        23,
        23,
        23,
        23,
        23,
        23,
        23,
        23,
        23,
        null,
        1,
        22,
        22,
        null,
        null,
        2,
        2,
        null,
        1,
        2,
        2,
        null,
        null,
        1,
        2,
        2,
        null,
        null,
        1,
        2,
        2,
        2,
        2,
        null,
        null,
        1,
        2,
        2,
        2,
        2,
        null,
        null,
        1,
        3,
        1,
        2,
        2,
        null,
        null,
        2,
        2,
        null,
        null,
        1,
        7,
        7,
        null,
        1,
        4,
        null,
        1,
        1,
        1,
        null,
        null,
        null,
        1,
        1,
        1,
        null,
        null,
        null,
        1,
        2,
        2,
        null,
        null,
        null,
        1,
        1,
        3,
        3,
        null,
        null,
        1,
        1,
        1,
        null,
        null,
        null,
        1,
        1,
        1,
        null,
        null,
        null,
        1,
        2,
        2,
        null,
        null,
        null,
        null,
        null,
        1,
        10,
        1,
        9,
        9,
        null,
        10,
        null,
        1,
        2,
        2,
        2,
        null,
        null,
        1,
        2,
        null,
        2,
        null,
        null,
        1,
        6,
        6,
        1,
        5,
        5,
        5,
        5,
        5,
        null,
        null,
        2,
        2,
        2,
        2,
        2,
        null,
        null,
        null,
        1,
        7,
        7,
        7,
        null,
        1,
        1,
        3,
        3,
        null,
        null,
        2,
        2,
        2,
        null,
        null,
        1,
        1,
        3,
        3,
        null,
        null,
        2,
        2,
        2,
        null,
        null,
        null,
        null,
        null,
        null,
        null,
        null,
        null,
        null
      ]
    },
    "timestamp": 1356390497
  }
}
