{
  "RSpec": {
    "coverage": {
      "/Users/BlitheRocher/projects/dogwalker/config/environment.rb": [
        null,
        1,
        null,
        null,
        1
      ],
      "/Users/BlitheRocher/projects/dogwalker/config/application.rb": [
        1,
        null,
        null,
        1,
        1,
        1,
        1,
        1,
        null,
        null,
        1,
        null,
        1,
        null,
        null,
        null,
        null,
        1,
        1,
        null,
        null,
        null,
        null,
        null,
        null,
        null,
        null,
        null,
        null,
        null,
        null,
        null,
        null,
        null,
        null,
        null,
        null,
        null,
        null,
        null,
        null,
        null,
        1,
        null,
        null,
        1,
        null,
        null,
        1,
        null,
        null,
        null,
        null,
        null,
        null,
        null,
        null,
        null,
        null,
        1,
        null,
        null,
        1,
        null,
        null,
        1,
        null,
        null
      ],
      "/Users/BlitheRocher/projects/dogwalker/config/boot.rb": [
        1,
        null,
        null,
        1,
        null,
        1
      ],
      "/Users/BlitheRocher/projects/dogwalker/config/environments/test.rb": [
        1,
        null,
        null,
        null,
        null,
        null,
        null,
        1,
        null,
        null,
        1,
        1,
        null,
        null,
        1,
        null,
        null,
        1,
        1,
        null,
        null,
        1,
        null,
        null,
        1,
        null,
        null,
        null,
        null,
        1,
        null,
        null,
        1,
        null,
        null,
        1,
        null,
        null,
        1,
        1,
        1,
        null,
        null
      ],
      "/Users/BlitheRocher/projects/dogwalker/config/initializers/backtrace_silencers.rb": [
        null,
        null,
        null,
        null,
        null,
        null,
        null
      ],
      "/Users/BlitheRocher/projects/dogwalker/config/initializers/inflections.rb": [
        null,
        null,
        null,
        null,
        null,
        null,
        null,
        null,
        null,
        null,
        null,
        null,
        null,
        null,
        null
      ],
      "/Users/BlitheRocher/projects/dogwalker/config/initializers/mime_types.rb": [
        null,
        null,
        null,
        null,
        null
      ],
      "/Users/BlitheRocher/projects/dogwalker/config/initializers/secret_token.rb": [
        null,
        null,
        null,
        null,
        null,
        null,
        1
      ],
      "/Users/BlitheRocher/projects/dogwalker/config/initializers/session_store.rb": [
        null,
        null,
        1,
        null,
        null,
        null,
        null,
        null
      ],
      "/Users/BlitheRocher/projects/dogwalker/config/initializers/setup_mail.rb": [
        1,
        null,
        null,
        null,
        null,
        null,
        null,
        null,
        null,
        null,
        1
      ],
      "/Users/BlitheRocher/projects/dogwalker/config/initializers/wrap_parameters.rb": [
        null,
        null,
        null,
        null,
        null,
        null,
        1,
        1,
        null,
        null,
        null,
        1,
        1,
        null
      ],
      "/Users/BlitheRocher/projects/dogwalker/app/controllers/addresses_controller.rb": [
        1,
        1,
        1,
        null,
        1,
        null,
        null,
        1,
        0,
        null,
        null,
        1,
        0,
        0,
        0,
        0,
        null,
        0,
        0,
        null,
        null,
        null,
        1,
        0,
        0,
        null,
        null,
        1,
        null,
        1,
        0,
        0,
        null,
        null
      ],
      "/Users/BlitheRocher/projects/dogwalker/app/controllers/application_controller.rb": [
        1,
        1,
        1,
        null
      ],
      "/Users/BlitheRocher/projects/dogwalker/app/helpers/application_helper.rb": [
        1,
        null,
        1,
        8,
        8,
        0,
        null,
        8,
        null,
        null,
        null
      ],
      "/Users/BlitheRocher/projects/dogwalker/app/helpers/sessions_helper.rb": [
        1,
        1,
        4,
        4,
        null,
        null,
        1,
        16,
        null,
        null,
        1,
        4,
        0,
        0,
        null,
        null,
        null,
        1,
        4,
        null,
        null,
        1,
        4,
        null,
        null,
        1,
        32,
        null,
        null,
        1,
        0,
        0,
        null,
        null,
        1,
        4,
        4,
        null,
        null,
        1,
        0,
        null,
        null
      ],
      "/Users/BlitheRocher/projects/dogwalker/app/helpers/static_pages_helper.rb": [
        1,
        null
      ],
      "/Users/BlitheRocher/projects/dogwalker/app/helpers/users_helper.rb": [
        1,
        null,
        null,
        1,
        4,
        4,
        4,
        4,
        null,
        null
      ],
      "/Users/BlitheRocher/projects/dogwalker/app/helpers/walks_helper.rb": [
        1,
        null,
        null
      ],
      "/Users/BlitheRocher/projects/dogwalker/app/models/address.rb": [
        1,
        1,
        1,
        1,
        1,
        null,
        1,
        null,
        1,
        1,
        1,
        1,
        1,
        null,
        1,
        0,
        null,
        null
      ],
      "/Users/BlitheRocher/projects/dogwalker/app/controllers/dogs_controller.rb": [
        1,
        1,
        1,
        null,
        1,
        0,
        null,
        null,
        1,
        0,
        0,
        0,
        0,
        null,
        0,
        0,
        null,
        null,
        null,
        1,
        0,
        0,
        null,
        null,
        1,
        0,
        null,
        null,
        1,
        0,
        null,
        0,
        0,
        null,
        0,
        null,
        null,
        null,
        1,
        0,
        0,
        null,
        null,
        1,
        null,
        1,
        0,
        0,
        null,
        null
      ],
      "/Users/BlitheRocher/projects/dogwalker/app/models/dog.rb": [
        1,
        1,
        1,
        1,
        null,
        1,
        1,
        null,
        1,
        null,
        null,
        null,
        null,
        null,
        null,
        1,
        0,
        null,
        null,
        1,
        0,
        null,
        0,
        null,
        0,
        null,
        null,
        0,
        null,
        null,
        null,
        0,
        null,
        null,
        1,
        0,
        null,
        0,
        0,
        null,
        null,
        0,
        null,
        null
      ],
      "/Users/BlitheRocher/projects/dogwalker/app/controllers/relationships_controller.rb": [
        1,
        1,
        null,
        1,
        null,
        1,
        0,
        0,
        0,
        null,
        null,
        1,
        0,
        0,
        0,
        null,
        null
      ],
      "/Users/BlitheRocher/projects/dogwalker/app/models/relationship.rb": [
        1,
        1,
        null,
        1,
        1,
        null,
        1,
        1,
        null
      ],
      "/Users/BlitheRocher/projects/dogwalker/app/controllers/sessions_controller.rb": [
        1,
        1,
        null,
        null,
        1,
        4,
        4,
        null,
        4,
        4,
        null,
        null,
        0,
        0,
        null,
        null,
        null,
        1,
        0,
        0,
        null,
        null
      ],
      "/Users/BlitheRocher/projects/dogwalker/app/controllers/static_pages_controller.rb": [
        1,
        1,
        0,
        0,
        null,
        null,
        null
      ],
      "/Users/BlitheRocher/projects/dogwalker/app/controllers/users_controller.rb": [
        1,
        1,
        1,
        1,
        null,
        1,
        4,
        4,
        4,
        null,
        null,
        1,
        0,
        0,
        null,
        0,
        null,
        null,
        1,
        0,
        0,
        null,
        0,
        0,
        0,
        0,
        0,
        0,
        null,
        0,
        null,
        null,
        null,
        1,
        null,
        null,
        1,
        0,
        null,
        null,
        1,
        0,
        0,
        0,
        0,
        null,
        0,
        null,
        null,
        1,
        0,
        null,
        0,
        0,
        0,
        null,
        0,
        null,
        null,
        null,
        1,
        0,
        0,
        0,
        0,
        null,
        null,
        1,
        0,
        0,
        0,
        0,
        null,
        null,
        1,
        null,
        1,
        0,
        0,
        null,
        null,
        1,
        0,
        null,
        null
      ],
      "/Users/BlitheRocher/projects/dogwalker/app/models/user.rb": [
        null,
        null,
        null,
        null,
        null,
        null,
        null,
        null,
        null,
        null,
        null,
        1,
        1,
        1,
        1,
        1,
        1,
        1,
        1,
        1,
        1,
        1,
        null,
        null,
        5,
        1,
        null,
        1,
        0,
        null,
        null,
        1,
        0,
        null,
        null,
        1,
        0,
        null,
        null,
        1,
        0,
        null,
        null,
        1,
        4,
        null,
        null,
        1,
        2,
        null,
        null,
        1,
        0,
        null,
        null,
        1,
        null,
        1,
        4,
        null,
        null,
        1,
        1,
        1,
        null,
        1,
        1,
        null
      ],
      "/Users/BlitheRocher/projects/dogwalker/app/controllers/walks_controller.rb": [
        1,
        1,
        null,
        1,
        null,
        1,
        2,
        2,
        2,
        2,
        null,
        2,
        null,
        null,
        1,
        2,
        2,
        2,
        2,
        2,
        null,
        null
      ],
      "/Users/BlitheRocher/projects/dogwalker/app/models/walk.rb": [
        1,
        1,
        null,
        1,
        1,
        null,
        1,
        1,
        1,
        null
      ],
      "/Users/BlitheRocher/projects/dogwalker/app/controllers/walktimes_controller.rb": [
        1,
        1,
        1,
        null,
        1,
        0,
        0,
        0,
        0,
        0,
        0,
        null,
        0,
        null,
        0,
        null,
        null,
        1,
        0,
        0,
        0,
        0,
        null,
        0,
        null,
        0,
        null,
        null,
        1,
        null,
        1,
        0,
        0,
        0,
        null,
        null
      ],
      "/Users/BlitheRocher/projects/dogwalker/app/models/walktime.rb": [
        1,
        1,
        1,
        null,
        1,
        1,
        null,
        1,
        null,
        null,
        1,
        null,
        1,
        null,
        1,
        0,
        null,
        0,
        null,
        null,
        1,
        0,
        null,
        null,
        null,
        null,
        null,
        null,
        1,
        0,
        null,
        null
      ],
      "/Users/BlitheRocher/projects/dogwalker/app/mailers/user_mailer.rb": [
        1,
        1,
        null,
        1,
        0,
        0,
        null,
        null,
        1,
        0,
        0,
        0,
        0,
        null,
        null
      ],
      "/Users/BlitheRocher/projects/dogwalker/spec/factories.rb": [
        1,
        1,
        5,
        5,
        1,
        1,
        null,
        null,
        1,
        1,
        null,
        null,
        null,
        null,
        1,
        1,
        1,
        1,
        1,
        1,
        null,
        null,
        1,
        5,
        1,
        null,
        null,
        1,
        5,
        1,
        null,
        null
      ],
      "/Users/BlitheRocher/projects/dogwalker/config/routes.rb": [
        1,
        1,
        1,
        1,
        null,
        null,
        null,
        1,
        1,
        1,
        1,
        1,
        1,
        null,
        1,
        null,
        1,
        1,
        1,
        null,
        null,
        null,
        null,
        null,
        null,
        null,
        null,
        null,
        null,
        null,
        null,
        null,
        null,
        null,
        null,
        null,
        null,
        null,
        null,
        null,
        null,
        null,
        null,
        null,
        null,
        null,
        null,
        null,
        null,
        null,
        null,
        null,
        null,
        null,
        null,
        null,
        null,
        null,
        null,
        null,
        null,
        null,
        null,
        null,
        null,
        null,
        null,
        null,
        null,
        null,
        null,
        null,
        null,
        null,
        null,
        null,
        null,
        null,
        null,
        null
      ],
      "/Users/BlitheRocher/projects/dogwalker/spec/support/utilities.rb": [
        1,
        null,
        1,
        4,
        4,
        4,
        4,
        null,
        4,
        null,
        null,
        1,
        0,
        0,
        null,
        null,
        null,
        1,
        0,
        0,
        null,
        null
      ]
    },
    "timestamp": 1361653820
  }
}
